2025-12-01 16:22:38,120 - ================================================================================
2025-12-01 16:22:38,120 - 🚀 ANOMALY SYSTEM TRAINING
2025-12-01 16:22:38,120 - ================================================================================
2025-12-01 16:22:38,120 - Started: 2025-12-01 16:22:38
2025-12-01 16:22:38,120 - Test Mode: False | Spike Gate: SAFE
2025-12-01 16:22:38,120 - 
================================================================================
2025-12-01 16:22:38,120 - STEP 1: EXTENDING DATABASE
2025-12-01 16:22:38,120 - ================================================================================
2025-12-01 16:22:38,120 - 🔧 Extending schema...
2025-12-01 16:22:38,121 - ✅ All columns exist
2025-12-01 16:22:38,121 - ✅ Created anomaly_scores table
2025-12-01 16:22:38,121 - ✅ Created indexes
2025-12-01 16:22:38,121 - 
================================================================================
2025-12-01 16:22:38,121 - STEP 2: BUILDING FEATURES
2025-12-01 16:22:38,121 - ================================================================================
2025-12-01 16:22:52,565 - Data: 5340 rows, 353 features
2025-12-01 16:22:52,565 - Range: 2004-09-13 to 2025-12-01
2025-12-01 16:22:52,565 - 
Adding velocity/acceleration features...
2025-12-01 16:22:52,576 - Added 25 spike features → Total: 378
2025-12-01 16:22:52,576 - 
================================================================================
2025-12-01 16:22:52,576 - STEP 3: TRAINING DETECTOR
2025-12-01 16:22:52,576 - ================================================================================
2025-12-01 16:22:52,576 - Selected 165 velocity features
2025-12-01 16:22:52,576 - 🎯 TRAINING EOD ANOMALY DETECTOR
2025-12-01 16:22:52,576 - Selected 165 features
2025-12-01 16:37:31,424 - ================================================================================
2025-12-01 16:37:31,424 - 🚀 ANOMALY SYSTEM TRAINING
2025-12-01 16:37:31,424 - ================================================================================
2025-12-01 16:37:31,424 - Started: 2025-12-01 16:37:31
2025-12-01 16:37:31,424 - Test Mode: False | Spike Gate: SAFE
2025-12-01 16:37:31,424 - 
================================================================================
2025-12-01 16:37:31,424 - STEP 1: EXTENDING DATABASE
2025-12-01 16:37:31,424 - ================================================================================
2025-12-01 16:37:31,425 - 🔧 Extending schema...
2025-12-01 16:37:31,427 - ✅ All columns exist
2025-12-01 16:37:31,427 - ✅ Created anomaly_scores table
2025-12-01 16:37:31,427 - ✅ Created indexes
2025-12-01 16:37:31,427 - 
================================================================================
2025-12-01 16:37:31,427 - STEP 2: BUILDING FEATURES
2025-12-01 16:37:31,427 - ================================================================================
2025-12-01 16:37:44,657 - Data: 5340 rows, 353 features
2025-12-01 16:37:44,657 - Range: 2004-09-13 to 2025-12-01
2025-12-01 16:37:44,657 - 
Adding velocity/acceleration features...
2025-12-01 16:37:44,670 - Added 25 spike features → Total: 378
2025-12-01 16:37:44,670 - 
================================================================================
2025-12-01 16:37:44,670 - STEP 3: TRAINING DETECTOR
2025-12-01 16:37:44,670 - ================================================================================
2025-12-01 16:37:44,670 - Selected 165 velocity features
2025-12-01 16:37:44,670 - 🎯 TRAINING EOD ANOMALY DETECTOR
2025-12-01 16:37:44,670 - Selected 165 features
2025-12-01 16:37:44,694 - Valid: 165
2025-12-01 16:37:44,725 - Training IsolationForest (contamination=0.05)...
2025-12-01 16:37:44,905 - Thresholds: M=-0.3884 H=-0.3792 C=-0.3744
2025-12-01 16:37:44,905 - Calculating feature importance...
2025-12-01 16:37:45,939 - Top 10:
2025-12-01 16:37:45,939 -    1. correlation_regime                       0.0103
2025-12-01 16:37:45,939 -    2. regime_prob_crisis                       0.0102
2025-12-01 16:37:45,939 -    3. vol_regime                               0.0094
2025-12-01 16:37:45,939 -    4. vix_regime_micro                         0.0094
2025-12-01 16:37:45,940 -    5. cboe_stress_regime                       0.0094
2025-12-01 16:37:45,940 -    6. liquidity_regime                         0.0093
2025-12-01 16:37:45,940 -    7. equity_vol_divergence                    0.0090
2025-12-01 16:37:45,940 -    8. vxtlt_vix_ratio                          0.0090
2025-12-01 16:37:45,940 -    9. regime_change_flag                       0.0089
2025-12-01 16:37:45,940 -   10. trend_regime                             0.0086
2025-12-01 16:37:45,951 - ✅ Saved to models/
2025-12-01 16:37:45,951 - ✅ Saved detector
2025-12-01 16:37:45,951 - 
================================================================================
2025-12-01 16:37:45,951 - STEP 4: CALCULATING SCORES
2025-12-01 16:37:45,951 - ================================================================================
2025-12-01 16:37:45,951 - Calculating scores for 5340 observations...
2025-12-01 16:37:46,026 - Mean=0.4987 Max=0.9500
2025-12-01 16:37:46,026 - 🔄 Backfilling 5340 dates...
2025-12-01 16:37:46,026 - Calculating scores for 5340 observations...
2025-12-01 16:37:46,098 - Mean=0.4987 Max=0.9500
