2025-12-04 01:26:07,494 - INFO - Loading production data...
2025-12-04 01:26:21,397 - INFO - Dataset: 5342 samples, 332 features
2025-12-04 01:26:21,398 - INFO - Date range: 2004-09-13 to 2025-12-03
2025-12-04 01:26:21,398 - INFO - 
2025-12-04 01:26:21,734 - INFO - ✅ Loaded 4 models: 115 exp, 116 comp, 136 up, 101 down features
2025-12-04 01:26:21,734 - INFO - ✅ Loaded Phase 1 models: 115 exp, 116 comp, 136 up, 101 down features
2025-12-04 01:26:21,734 - INFO - ================================================================================
2025-12-04 01:26:21,734 - INFO - PHASE 2: ENSEMBLE CONFIG TUNER
2025-12-04 01:26:21,734 - INFO - ================================================================================
2025-12-04 01:26:21,734 - INFO - Train:  4358 days (2004-09-13 to 2021-12-31)
2025-12-04 01:26:21,734 - INFO - Val:    501 days (2022-01-03 to 2023-12-31)
2025-12-04 01:26:21,734 - INFO - Test:   483 days (2024-01-01 to 2025-12-03)
2025-12-04 01:26:21,734 - INFO - Using Phase 1 optimized models from models/ directory
2025-12-04 01:26:21,734 - INFO - ================================================================================
2025-12-04 01:26:21,734 - INFO - Starting Phase 2 optimization: 200 trials
2025-12-04 01:26:21,734 - INFO - Tuning ensemble config (up_advantage, thresholds, weights, etc.)
2025-12-04 01:26:21,734 - INFO - Evaluating on 483 test days
2025-12-04 01:26:21,734 - INFO - Objective: HIGH PRECISION - target 85% accuracy for both UP and DOWN
2025-12-04 01:26:21,734 - INFO - Actionable rate will fall naturally (quality over quantity)
2025-12-04 01:26:21,734 - INFO - ================================================================================
2025-12-04 01:26:21,748 - INFO - Generating base predictions (once)...
2025-12-04 01:26:30,753 - INFO - 
✅ Results saved: tuning_phase2/phase2_results.json
2025-12-04 01:26:30,753 - INFO - ✅ Config saved: tuning_phase2/phase2_optimized_config.py
2025-12-04 01:26:30,753 - INFO - 
================================================================================
2025-12-04 01:26:30,753 - INFO - PHASE 2 OPTIMIZATION COMPLETE
2025-12-04 01:26:30,753 - INFO - ================================================================================
2025-12-04 01:26:30,753 - INFO - Best trial: #0 | Score: 999.000
2025-12-04 01:26:30,754 - INFO - 
2025-12-04 01:26:30,754 - INFO - 📊 TEST SET PERFORMANCE (2024-2025):
2025-12-04 01:26:30,754 - INFO - 
2025-12-04 01:26:30,754 - INFO -   RAW PREDICTIONS:
2025-12-04 01:26:30,754 - INFO -     Total: 483
2025-12-04 01:26:30,754 - INFO -     UP: 46.8% (226 signals)
2025-12-04 01:26:30,754 - INFO -     DOWN: 53.2% (257 signals)
2025-12-04 01:26:30,754 - INFO -     Accuracy: 64.2% | UP: 62.4% | DOWN: 65.8%
2025-12-04 01:26:30,754 - INFO - 
2025-12-04 01:26:30,754 - INFO -   ACTIONABLE SIGNALS (high precision ensemble):
2025-12-04 01:26:30,754 - INFO -     Total: 416 signals (86.1% actionable)
2025-12-04 01:26:30,754 - INFO -     UP: 38.7% (161 signals)
2025-12-04 01:26:30,754 - INFO -     DOWN: 61.3% (255 signals)
2025-12-04 01:26:30,754 - INFO -     Accuracy: 67.8% | UP: 70.2% | DOWN: 66.3%
2025-12-04 01:26:30,754 - INFO -     Magnitude MAE: 13.74% (UP: 11.23%, DOWN: 15.33%)
2025-12-04 01:26:30,754 - INFO - 
2025-12-04 01:26:30,754 - INFO -   CALIBRATION:
2025-12-04 01:26:30,754 - INFO -     Window: 550 days
2025-12-04 01:26:30,754 - INFO - ================================================================================
2025-12-04 01:26:30,754 - INFO - 
2025-12-04 01:26:30,754 - INFO - 🎯 HIGH PRECISION TARGET: 85% accuracy
2025-12-04 01:26:30,754 - INFO -    ✗ UP:   70.2% (-14.8% from target)
2025-12-04 01:26:30,754 - INFO -    ✗ DOWN: 66.3% (-18.7% from target)
2025-12-04 01:26:30,754 - INFO - 
2025-12-04 01:26:30,754 - INFO - 📈 TRADING FREQUENCY: ~4.2 signals/week (quality over quantity)
2025-12-04 01:26:30,754 - INFO - ================================================================================
2025-12-04 01:26:30,754 - INFO - 
2025-12-04 01:26:30,754 - INFO - 📝 NEXT STEPS:
2025-12-04 01:26:30,754 - INFO -   1. Review results in tuning_phase2/phase2_results.json
2025-12-04 01:26:30,754 - INFO -   2. Apply ENSEMBLE_CONFIG from phase2_optimized_config.py to your config.py
2025-12-04 01:26:30,754 - INFO -   3. Apply CALIBRATION_WINDOW_DAYS to config.py
2025-12-04 01:26:30,754 - INFO -   4. Run: py integrated_system.py
2025-12-04 01:26:30,754 - INFO - ================================================================================
2025-12-04 01:26:30,754 - INFO - 
✅ Phase 2 complete!
