2025-12-08 09:08:10,980 - INFO - Loading data...
2025-12-08 09:08:31,724 - INFO - ================================================================================
2025-12-08 09:08:31,725 - INFO - ULTRA-OPTIMIZED UNIFIED TUNER - 5-8x FASTER
2025-12-08 09:08:31,725 - INFO - ================================================================================
2025-12-08 09:08:31,725 - INFO - Train:  4358 days (2004-09-13 to 2021-12-31)
2025-12-08 09:08:31,725 - INFO - Val:    501 days (2022-01-03 to 2023-12-31)
2025-12-08 09:08:31,725 - INFO - Test:   480 days (2024-01-01 to 2025-11-28)
2025-12-08 09:08:31,725 - INFO - Fast:   120 days (25% sample for preliminary eval)
2025-12-08 09:08:31,725 - INFO - Features: 459
2025-12-08 09:08:31,725 - INFO - OPTIMIZATIONS:
2025-12-08 09:08:31,725 - INFO -   • Hierarchical tuning (core → fine)
2025-12-08 09:08:31,725 - INFO -   • Fast preliminary eval (25% test)
2025-12-08 09:08:31,725 - INFO -   • 6-stage early stopping
2025-12-08 09:08:31,725 - INFO -   • Advanced caching (features + models)
2025-12-08 09:08:31,725 - INFO -   • Progressive narrowing (wide → narrow)
2025-12-08 09:08:31,725 - INFO -   • Checkpoints every 10 trials
2025-12-08 09:08:31,725 - INFO - ================================================================================
2025-12-08 09:08:31,725 - INFO - Starting Ultra optimization: 300 trials
2025-12-08 09:08:31,725 - INFO - Estimated speedup: 5-8x vs original
2025-12-08 09:08:31,725 - INFO - Fast mode: Preliminary eval on 120 samples (25%)
2025-12-08 09:08:31,725 - INFO - ================================================================================
2025-12-08 09:08:32,653 - INFO - Feature selection: expansion | top_n=106 | corr_threshold=0.8927403466406966
2025-12-08 09:08:32,693 - INFO -   Using UP samples only (expansion domain)
2025-12-08 09:08:32,704 - INFO -   Training samples: 2241
2025-12-08 09:08:40,715 - INFO -   Candidate features: 159
2025-12-08 09:08:41,034 - INFO -   Removed 21 correlated features
2025-12-08 09:08:41,035 - INFO -   Final selection: 106 features
2025-12-08 09:08:41,035 - INFO -   Top 5: ['days_in_regime', 'vix_percentile_126d', 'vx_roll_yield_annualized', 'fin_stress_index', 'vx_oi_surge']
2025-12-08 09:08:41,039 - INFO - Feature selection: compression | top_n=80 | corr_threshold=0.8927403466406966
2025-12-08 09:08:41,066 - INFO -   Using DOWN samples only (compression domain)
2025-12-08 09:08:41,071 - INFO -   Training samples: 2613
2025-12-08 09:08:49,634 - INFO -   Candidate features: 120
2025-12-08 09:08:49,798 - INFO -   Removed 14 correlated features
2025-12-08 09:08:49,798 - INFO -   Final selection: 80 features
2025-12-08 09:08:49,798 - INFO -   Top 5: ['vix_vs_ma63', 'reversion_strength_63d', 'vix_vs_ma21', 'vix_percentile_126d', 'vix_velocity_5d_regime_adj']
2025-12-08 09:08:49,808 - INFO - Feature selection: up | top_n=124 | corr_threshold=0.8927403466406966
2025-12-08 09:08:49,841 - INFO -   Using all samples (UP classification)
2025-12-08 09:08:49,850 - INFO -   Training samples: 4859
2025-12-08 09:09:00,827 - INFO -   Candidate features: 186
2025-12-08 09:09:01,219 - INFO -   Removed 28 correlated features
2025-12-08 09:09:01,219 - INFO -   Final selection: 124 features
2025-12-08 09:09:01,219 - INFO -   Top 5: ['vix_velocity_5d_regime_adj', 'vix_vs_ma10', 'skew_vix_ratio_percentile_252d', 'dxy_zscore_21d', 'vix_velocity_5d']
2025-12-08 09:09:01,233 - INFO - Feature selection: down | top_n=124 | corr_threshold=0.8927403466406966
2025-12-08 09:09:01,269 - INFO -   Using all samples (DOWN classification)
2025-12-08 09:09:01,277 - INFO -   Training samples: 4859
2025-12-08 09:09:11,934 - INFO -   Candidate features: 186
2025-12-08 09:09:12,331 - INFO -   Removed 28 correlated features
2025-12-08 09:09:12,331 - INFO -   Final selection: 124 features
2025-12-08 09:09:12,331 - INFO -   Top 5: ['vix_velocity_5d_regime_adj', 'vix_vs_ma10', 'skew_vix_ratio_percentile_252d', 'dxy_zscore_21d', 'vix_velocity_5d']
2025-12-08 09:09:20,709 - INFO - Feature selection: expansion | top_n=85 | corr_threshold=0.9332327645545796
2025-12-08 09:09:20,738 - INFO -   Using UP samples only (expansion domain)
2025-12-08 09:09:20,743 - INFO -   Training samples: 2240
2025-12-08 09:09:38,032 - INFO -   Candidate features: 127
2025-12-08 09:09:38,212 - INFO -   Removed 13 correlated features
2025-12-08 09:09:38,212 - INFO -   Final selection: 85 features
2025-12-08 09:09:38,212 - INFO -   Top 5: ['days_in_regime', 'vix_percentile_126d', 'yield_10y3m_inversion_depth', 'vx_oi_surge', 'fin_stress_index']
2025-12-08 09:09:38,220 - INFO - Feature selection: compression | top_n=93 | corr_threshold=0.9332327645545796
2025-12-08 09:09:38,255 - INFO -   Using DOWN samples only (compression domain)
2025-12-08 09:09:38,262 - INFO -   Training samples: 2613
2025-12-08 09:09:57,416 - INFO -   Candidate features: 139
2025-12-08 09:09:57,647 - INFO -   Removed 13 correlated features
2025-12-08 09:09:57,647 - INFO -   Final selection: 93 features
2025-12-08 09:09:57,647 - INFO -   Top 5: ['vix_vs_ma63', 'vix_skew_joint_regime', 'vix_percentile_126d', 'joint_regime_expected_return', 'vix_percentile_252d']
2025-12-08 09:09:57,658 - INFO - Feature selection: up | top_n=114 | corr_threshold=0.9332327645545796
2025-12-08 09:09:57,692 - INFO -   Using all samples (UP classification)
2025-12-08 09:09:57,697 - INFO -   Training samples: 4858
2025-12-08 09:10:16,999 - INFO -   Candidate features: 171
2025-12-08 09:10:17,339 - INFO -   Removed 21 correlated features
2025-12-08 09:10:17,339 - INFO -   Final selection: 114 features
2025-12-08 09:10:17,339 - INFO -   Top 5: ['vix_velocity_5d_regime_adj', 'vix_vs_ma10', 'vix_velocity_5d', 'ovx_vs_ma63', 'dxy_vs_ma21']
2025-12-08 09:10:17,345 - INFO - Feature selection: down | top_n=116 | corr_threshold=0.9332327645545796
2025-12-08 09:10:17,361 - INFO -   Using all samples (DOWN classification)
2025-12-08 09:10:17,364 - INFO -   Training samples: 4858
2025-12-08 09:10:36,510 - INFO -   Candidate features: 174
2025-12-08 09:10:36,852 - INFO -   Removed 21 correlated features
2025-12-08 09:10:36,852 - INFO -   Final selection: 116 features
2025-12-08 09:10:36,852 - INFO -   Top 5: ['vix_velocity_5d_regime_adj', 'vix_vs_ma10', 'vix_velocity_5d', 'ovx_vs_ma63', 'dxy_vs_ma21']
2025-12-08 09:10:43,558 - INFO - Feature selection: expansion | top_n=107 | corr_threshold=0.9121464810444855
2025-12-08 09:10:43,582 - INFO -   Using UP samples only (expansion domain)
2025-12-08 09:10:43,588 - INFO -   Training samples: 2240
